{
  "summary": {
    "overall_status": "POOR",
    "total_score": 61.25490196078432,
    "total_tests": 17,
    "passed_tests": 9,
    "failed_tests": 8,
    "total_issues": 56,
    "total_errors": 56,
    "duration_seconds": 64.972565,
    "start_time": "2026-02-09T04:42:30.724686",
    "end_time": "2026-02-09T04:43:35.697251"
  },
  "detailed_results": [
    {
      "component": "Code Quality",
      "status": "FAIL",
      "score": 58,
      "issues_found": 27,
      "response_time": 0.0,
      "errors": [
        "/Users/theowolfenden/CascadeProjects/Terradev/mock_runpod_data.py: Too many print statements",
        "/Users/theowolfenden/CascadeProjects/Terradev/terraform_controller.py: Too many print statements",
        "/Users/theowolfenden/CascadeProjects/Terradev/production_readiness_assessment_fixed.py: Too many print statements",
        "/Users/theowolfenden/CascadeProjects/Terradev/real_runpod_working.py: Too many print statements",
        "/Users/theowolfenden/CascadeProjects/Terradev/github_api_integration.py: Too many print statements"
      ]
    },
    {
      "component": "Import Testing",
      "status": "PASS",
      "score": 83.33333333333334,
      "issues_found": 1,
      "response_time": 0.0,
      "errors": [
        "complete_arbitrage_engine_all_providers: name 'GPUType' is not defined"
      ]
    },
    {
      "component": "arbitrage_engine",
      "status": "FAIL",
      "score": 40,
      "issues_found": 1,
      "response_time": 10.577002048492432,
      "errors": [
        "Exit code 1: INFO:numexpr.utils:NumExpr defaulting to 4 threads.\nTraceback (most recent call last):\n  File \"/Users/theowolfenden/CascadeProjects/Terradev/complete_arbitrage_engine_all_providers.py\", line 25, in <module>\n    class CompleteArbitrageEngine:\n  File \"/Users/theowolfenden/CascadeProjects/Terradev/complete_arbitrage_engine_all_providers.py\", line 56, in CompleteArbitrageEngine\n    async def scan_all_providers(self, gpu_type: GPUType, max_budget: float = 10.0) -> Dict:\n                                                 ^^^^^^^\nNameError: name 'GPUType' is not defined\n"
      ]
    },
    {
      "component": "vast_ai_integration",
      "status": "PASS",
      "score": 100,
      "issues_found": 0,
      "response_time": 4.10502815246582,
      "errors": []
    },
    {
      "component": "tensordock_integration",
      "status": "PASS",
      "score": 100,
      "issues_found": 0,
      "response_time": 1.0473740100860596,
      "errors": []
    },
    {
      "component": "enhanced_arbitrage",
      "status": "FAIL",
      "score": 40,
      "issues_found": 1,
      "response_time": 11.215314149856567,
      "errors": [
        "Exit code 1: INFO:numexpr.utils:NumExpr defaulting to 4 threads.\nINFO:real_aws_api:\u2705 AWS clients initialized for region us-east-1\nINFO:complete_arbitrage_engine:\ud83d\ude80 Scanning all providers for instances...\nINFO:real_aws_api:\u2705 Found 0 GPU instances\nINFO:complete_arbitrage_engine:\u2705 aws: 0 instances found\nINFO:complete_arbitrage_engine:\u2705 runpod: 3 instances found\nINFO:complete_arbitrage_engine:\u2705 gcp: 3 instances found\nINFO:__main__:\ud83d\udd0d Finding enhanced arbitrage opportunities for a100\nINFO:complete_arbitrage_engine:\ud83d\udccb Using cached instance data\nINFO:__main__:\ud83d\udcca Found 2 matching instances\nTraceback (most recent call last):\n  File \"/Users/theowolfenden/CascadeProjects/Terradev/enhanced_arbitrage_engine.py\", line 489, in <module>\n    asyncio.run(test_enhanced_arbitrage_engine())\n  File \"/opt/anaconda3/lib/python3.11/asyncio/runners.py\", line 190, in run\n    return runner.run(main)\n           ^^^^^^^^^^^^^^^^\n  File \"/opt/anaconda3/lib/python3.11/asyncio/runners.py\", line 118, in run\n    return self._loop.run_until_complete(task)\n           ^^^^^^^^^^^^^^^^^^^^^^^^^^^^^^^^^^^\n  File \"/opt/anaconda3/lib/python3.11/asyncio/base_events.py\", line 654, in run_until_complete\n    return future.result()\n           ^^^^^^^^^^^^^^^\n  File \"/Users/theowolfenden/CascadeProjects/Terradev/enhanced_arbitrage_engine.py\", line 425, in test_enhanced_arbitrage_engine\n    opportunities = await engine.find_enhanced_arbitrage_opportunities(GPUType.A100)\n                    ^^^^^^^^^^^^^^^^^^^^^^^^^^^^^^^^^^^^^^^^^^^^^^^^^^^^^^^^^^^^^^^^\n  File \"/Users/theowolfenden/CascadeProjects/Terradev/enhanced_arbitrage_engine.py\", line 358, in find_enhanced_arbitrage_opportunities\n    opportunity = await self.calculate_enhanced_opportunity(instance)\n                  ^^^^^^^^^^^^^^^^^^^^^^^^^^^^^^^^^^^^^^^^^^^^^^^^^^^\n  File \"/Users/theowolfenden/CascadeProjects/Terradev/enhanced_arbitrage_engine.py\", line 119, in calculate_enhanced_opportunity\n    risk_metrics = self.advanced_risk_engine.calculate_advanced_risk_metrics(\n                   ^^^^^^^^^^^^^^^^^^^^^^^^^^^^^^^^^^^^^^^^^^^^^^^^^^^^^^^^^^\n  File \"/Users/theowolfenden/CascadeProjects/Terradev/advanced_risk_engine.py\", line 391, in calculate_advanced_risk_metrics\n    return AdvancedRiskMetrics(\n           ^^^^^^^^^^^^^^^^^^^^\nTypeError: AdvancedRiskMetrics.__init__() got an unexpected keyword argument 'total_score'\n"
      ]
    },
    {
      "component": "garch_volatility",
      "status": "FAIL",
      "score": 40,
      "issues_found": 1,
      "response_time": 3.623143196105957,
      "errors": [
        "Exit code 1: Traceback (most recent call last):\n  File \"/Users/theowolfenden/CascadeProjects/Terradev/garch_volatility_spreads.py\", line 825, in <module>\n    asyncio.run(test_garch_volatility_spreads())\n  File \"/opt/anaconda3/lib/python3.11/asyncio/runners.py\", line 190, in run\n    return runner.run(main)\n           ^^^^^^^^^^^^^^^^\n  File \"/opt/anaconda3/lib/python3.11/asyncio/runners.py\", line 118, in run\n    return self._loop.run_until_complete(task)\n           ^^^^^^^^^^^^^^^^^^^^^^^^^^^^^^^^^^^\n  File \"/opt/anaconda3/lib/python3.11/asyncio/base_events.py\", line 654, in run_until_complete\n    return future.result()\n           ^^^^^^^^^^^^^^^\n  File \"/Users/theowolfenden/CascadeProjects/Terradev/garch_volatility_spreads.py\", line 476, in test_garch_volatility_spreads\n    a100_analysis = analyzer.analyze_volatility_opportunities(\"a100\")\n                    ^^^^^^^^^^^^^^^^^^^^^^^^^^^^^^^^^^^^^^^^^^^^^^^^^\n  File \"/Users/theowolfenden/CascadeProjects/Terradev/garch_volatility_spreads.py\", line 357, in analyze_volatility_opportunities\n    \"volatility_summary\": self._summarize_volatility(spreads)\n                          ^^^^^^^^^^^^^^^^^^^^^^^^^^^^^^^^^^^\n  File \"/Users/theowolfenden/CascadeProjects/Terradev/garch_volatility_spreads.py\", line 408, in _summarize_volatility\n    spread_percentages = [float(s.spread_percentage) for s in spreads]\n                         ^^^^^^^^^^^^^^^^^^^^^^^^^^^^^^^^^^^^^^^^^^^^^\n  File \"/Users/theowolfenden/CascadeProjects/Terradev/garch_volatility_spreads.py\", line 408, in <listcomp>\n    spread_percentages = [float(s.spread_percentage) for s in spreads]\n                                ^^^^^^^^^^^^^^^^^^^\nAttributeError: 'numpy.float64' object has no attribute 'spread_percentage'\n"
      ]
    },
    {
      "component": "kubernetes_connect",
      "status": "FAIL",
      "score": 40,
      "issues_found": 1,
      "response_time": 2.053602933883667,
      "errors": [
        "Exit code 1: Traceback (most recent call last):\n  File \"/Users/theowolfenden/CascadeProjects/Terradev/kubernetes_connect_card.py\", line 468, in <module>\n    test_connect_card()\n  File \"/Users/theowolfenden/CascadeProjects/Terradev/kubernetes_connect_card.py\", line 389, in test_connect_card\n    prereqs = card.check_prerequisites()\n              ^^^^^^^^^^^^^^^^^^^^^^^^^^\n  File \"/Users/theowolfenden/CascadeProjects/Terradev/kubernetes_connect_card.py\", line 42, in check_prerequisites\n    \"cluster_access\": self._check_cluster_access()\n                      ^^^^^^^^^^^^^^^^^^^^^^^^^^^^\n  File \"/Users/theowolfenden/CascadeProjects/Terradev/kubernetes_connect_card.py\", line 63, in _check_cluster_access\n    result = subprocess.run(\n             ^^^^^^^^^^^^^^^\n  File \"/opt/anaconda3/lib/python3.11/subprocess.py\", line 548, in run\n    with Popen(*popenargs, **kwargs) as process:\n         ^^^^^^^^^^^^^^^^^^^^^^^^^^^\n  File \"/opt/anaconda3/lib/python3.11/subprocess.py\", line 1026, in __init__\n    self._execute_child(args, executable, preexec_fn, close_fds,\n  File \"/opt/anaconda3/lib/python3.11/subprocess.py\", line 1955, in _execute_child\n    raise child_exception_type(errno_num, err_msg, err_filename)\nFileNotFoundError: [Errno 2] No such file or directory: 'kubectl'\n"
      ]
    },
    {
      "component": "Arbitrage Engine + Vast.AI",
      "status": "PASS",
      "score": 80,
      "issues_found": 1,
      "response_time": 0.002039194107055664,
      "errors": [
        "name 'GPUType' is not defined"
      ]
    },
    {
      "component": "Arbitrage Engine + TensorDock",
      "status": "PASS",
      "score": 80,
      "issues_found": 1,
      "response_time": 0.0007750988006591797,
      "errors": [
        "name 'GPUType' is not defined"
      ]
    },
    {
      "component": "GARCH + Arbitrage Engine",
      "status": "PASS",
      "score": 90,
      "issues_found": 0,
      "response_time": 2.7894973754882812e-05,
      "errors": []
    },
    {
      "component": "Import Speed",
      "status": "FAIL",
      "score": 0,
      "issues_found": 1,
      "response_time": 0.0006399154663085938,
      "errors": [
        "name 'GPUType' is not defined"
      ]
    },
    {
      "component": "Memory Usage",
      "status": "PASS",
      "score": 90,
      "issues_found": 0,
      "response_time": 0.035772085189819336,
      "errors": []
    },
    {
      "component": "Response Time",
      "status": "PASS",
      "score": 100,
      "issues_found": 0,
      "response_time": 0.003454923629760742,
      "errors": []
    },
    {
      "component": "Security",
      "status": "FAIL",
      "score": 0,
      "issues_found": 16,
      "response_time": 0.0,
      "errors": [
        "/Users/theowolfenden/CascadeProjects/Terradev/production_readiness_assessment_fixed.py:386 - Potential hardcoded api_key",
        "/Users/theowolfenden/CascadeProjects/Terradev/production_readiness_assessment_fixed.py:127 - Potential hardcoded secret",
        "/Users/theowolfenden/CascadeProjects/Terradev/production_readiness_assessment_fixed.py:129 - Potential hardcoded secret",
        "/Users/theowolfenden/CascadeProjects/Terradev/production_readiness_assessment_fixed.py:130 - Potential hardcoded secret",
        "/Users/theowolfenden/CascadeProjects/Terradev/production_readiness_assessment_fixed.py:386 - Potential hardcoded secret"
      ]
    },
    {
      "component": "Configuration",
      "status": "FAIL",
      "score": 20.0,
      "issues_found": 4,
      "response_time": 0.0,
      "errors": [
        "terraform/main.tf: File not found",
        "terraform/outputs.tf: Terraform syntax error",
        "terraform/variables.tf: File not found",
        ".env.template: Invalid template"
      ]
    },
    {
      "component": "Terraform",
      "status": "PASS",
      "score": 80,
      "issues_found": 1,
      "response_time": 0.0,
      "errors": [
        "terraform init failed: \u001b[31m\u001b[31m\u2577\u001b[0m\u001b[0m\n\u001b[31m\u2502\u001b[0m \u001b[0m\u001b[1m\u001b[31mError: \u001b[0m\u001b[0m\u001b[1mModule not found\u001b[0m\n\u001b[31m\u2502\u001b[0m \u001b[0m\n\u001b[31m\u2502\u001b[0m \u001b[0m\u001b[0m  on main.tf line 257:\n\u001b[31m\u2502\u001b[0m \u001b[0m 257: \u001b[4mmodule \"oci_subnets\"\u001b[0m {\u001b[0m\n\u001b[31m\u2502\u001b[0m \u001b[0m\n\u001b[31m\u2502\u001b[0m \u001b[0mModule \"oci_subnets\" (from main.tf:257) cannot be found in the module\n\u001b[31m\u2502\u001b[0m \u001b[0mregistry at registry.terraform.io.\n\u001b[31m\u2575\u001b[0m\u001b[0m\n\u001b[0m\u001b[0m\n\u001b[31m\u001b[31m\u2577\u001b[0m\u001b[0m\n\u001b[31m\u2502\u001b[0m \u001b[0m\u001b[1m\u001b[31mError: \u001b[0m\u001b[0m\u001b[1mModule not found\u001b[0m\n\u001b[31m\u2502\u001b[0m \u001b[0m\n\u001b[31m\u2502\u001b[0m \u001b[0m\u001b[0m  on main.tf line 274:\n\u001b[31m\u2502\u001b[0m \u001b[0m 274: \u001b[4mmodule \"oci_compute\"\u001b[0m {\u001b[0m\n\u001b[31m\u2502\u001b[0m \u001b[0m\n\u001b[31m\u2502\u001b[0m \u001b[0mModule \"oci_compute\" (from main.tf:274) cannot be found in the module\n\u001b[31m\u2502\u001b[0m \u001b[0mregistry at registry.terraform.io.\n\u001b[31m\u2575\u001b[0m\u001b[0m\n\u001b[0m\u001b[0m\n"
      ]
    }
  ]
}